[2026-02-16 16:57:48] Row 2: Set FieldDisplayName -> False via NotFound (replacements=0)
[2026-02-16 16:57:48] Row 2: Saving
[2026-02-16 16:57:49] Row 2: PDF saved -> C:\Users\X1\Documents\Schuman\WORD files\RITM0483422_Angoi Ludovic Nguessan NGORAN.pdf
[2026-02-16 16:57:49] Saved: C:\Users\X1\Documents\Schuman\WORD files\RITM0483422_Angoi Ludovic Nguessan NGORAN.docx
[2026-02-16 16:57:49] Row 3 start: RITM0483421_Angoi Ludovic Nguessan NGORAN.docx
[2026-02-16 16:57:49] Row 3: Doc opened
[2026-02-16 16:57:49] Row 3: Doc Text Placeholders (6): FieldDelegateCheckbox, FieldDisplayName, FieldITEquipment, FieldPINumber, FieldTicketNumber, FieldUniqueIdentifier
[2026-02-16 16:57:49] Row 3: ProtectionType=-1 (Unknown)
[2026-02-16 16:57:49] Row 3: Document protected, attempting unprotect
[2026-02-16 16:57:49] Row 3: Unprotect failed: The Unprotect method or property is not available because the document is already unprotected.
[2026-02-16 16:57:49] Row 3: Unprotect attempted, ProtectionType now=-1 (Unknown)
[2026-02-16 16:58:10] Row 3: Set FieldITEquipment -> False via NotFound (replacements=0)
[2026-02-16 16:58:35] Row 3: Set FieldTicketNumber -> False via NotFound (replacements=0)
[2026-02-16 16:58:56] User clicked Start.
[2026-02-16 16:58:56] === RUN START ===
[2026-02-16 16:58:56] Opening Excel
[2026-02-16 16:58:59] Excel opened
[2026-02-16 16:58:59] Using sheet: BRU
[2026-02-16 16:59:01] Excel column status: Col=7 Created=False Score=2
[2026-02-16 16:59:01] Excel column docx:   Col=8 Created=False Score=2
[2026-02-16 16:59:01] Excel column pdf:    Col=9 Created=False Score=2
[2026-02-16 16:59:01] Rows detected: 20
[2026-02-16 16:59:01] Opening Word
[2026-02-16 16:59:03] Word opened
[2026-02-16 16:59:03] Template path: C:\Users\X1\Documents\Schuman\Reception_ITequipment.docx
[2026-02-16 16:59:07] Template inspection: opened
[2026-02-16 16:59:07] Template FormFields (1): Delegate
[2026-02-16 16:59:07] Template ContentControls (0): 
[2026-02-16 16:59:07] Template Bookmarks (1): Delegate
[2026-02-16 16:59:07] Template Text Placeholders (6): FieldDelegateCheckbox, FieldDisplayName, FieldITEquipment, FieldPINumber, FieldTicketNumber, FieldUniqueIdentifier
[2026-02-16 16:59:08] Row 2 start: RITM0483422_Angoi Ludovic Nguessan NGORAN.docx
[2026-02-16 16:59:08] Row 2 values: Name='Angoi Ludovic N'guessan N'GORAN' Ticket='RITM0483422' PI='MUSTBRUN2424012' Equipment='Laptop'
[2026-02-16 16:59:08] Row 2: Opening copied doc
[2026-02-16 16:59:08] Row 2: Doc opened
[2026-02-16 16:59:09] Row 2: Doc Text Placeholders (6): FieldDelegateCheckbox, FieldDisplayName, FieldITEquipment, FieldPINumber, FieldTicketNumber, FieldUniqueIdentifier
[2026-02-16 16:59:12] Row 3: Set FieldPINumber -> False via NotFound (replacements=0)
[2026-02-16 16:59:21] Row 2: Set FieldITEquipment -> True via FindReplace (replacements=1)
[2026-02-16 16:59:41] User clicked Stop.
[2026-02-16 16:59:44] Row 2: Set FieldTicketNumber -> True via FindReplace (replacements=1)
[2026-02-16 16:59:52] Row 2: Set FieldPINumber -> True via FindReplace (replacements=1)
[2026-02-16 16:59:58] Row 3: Set FieldDisplayName -> False via NotFound (replacements=0)
[2026-02-16 16:59:58] Row 3: Saving
[2026-02-16 16:59:58] Row 3: Saved
[2026-02-16 16:59:59] Row 3: PDF saved -> C:\Users\X1\Documents\Schuman\WORD files\RITM0483421_Angoi Ludovic Nguessan NGORAN.pdf
[2026-02-16 16:59:59] Saved: C:\Users\X1\Documents\Schuman\WORD files\RITM0483421_Angoi Ludovic Nguessan NGORAN.docx
[2026-02-16 17:00:02] Excel saved
[2026-02-16 17:00:02] === RUN END === Total=20 Saved=2 Skipped=1 Errors=0
[2026-02-16 17:00:04] Row 2: Set FieldDisplayName -> True via FindReplace (replacements=1)
[2026-02-16 17:00:04] Row 2: Saving
[2026-02-16 17:00:04] Row 2 ERROR: The RPC server is unavailable. (Exception from HRESULT: 0x800706BA)
[2026-02-16 17:00:05] Excel saved
[2026-02-16 17:00:05] === RUN END === Total=20 Saved=0 Skipped=0 Errors=1
[2026-02-16 17:00:20] User clicked Start.
[2026-02-16 17:00:20] === RUN START ===
[2026-02-16 17:00:20] Opening Excel
[2026-02-16 17:00:30] Excel opened
[2026-02-16 17:00:31] Using sheet: BRU
[2026-02-16 17:00:33] Excel column status: Col=7 Created=False Score=2
[2026-02-16 17:00:33] Excel column docx:   Col=8 Created=False Score=2
[2026-02-16 17:00:33] Excel column pdf:    Col=9 Created=False Score=2
[2026-02-16 17:00:49] Word opened
[2026-02-16 17:00:49] Template path: C:\Users\X1\Documents\Schuman\Reception_ITequipment.docx
[2026-02-16 17:00:51] Template inspection: opened
[2026-02-16 17:00:53] Template FormFields (1): Delegate
[2026-02-16 17:00:53] Template ContentControls (0): 
[2026-02-16 17:00:56] Row 2 start: RITM0483422_Angoi Ludovic Nguessan NGORAN.docx
[2026-02-16 17:00:56] Row 2 values: Name='Angoi Ludovic N'guessan N'GORAN' Ticket='RITM0483422' PI='MUSTBRUN2424012' Equipment='Laptop'
[2026-02-16 17:00:56] Row 2: Opening copied doc
[2026-02-16 17:00:58] Row 2: Doc opened
[2026-02-16 17:01:00] Row 2: Doc Text Placeholders (6): FieldDelegateCheckbox, FieldDisplayName, FieldITEquipment, FieldPINumber, FieldTicketNumber, FieldUniqueIdentifier
[2026-02-16 17:01:00] Row 2: ProtectionType=-1 (Unknown)
[2026-02-16 17:01:00] Row 2: Document protected, attempting unprotect
[2026-02-16 17:01:00] Row 2: Unprotect failed: The Unprotect method or property is not available because the document is already unprotected.
[2026-02-16 17:01:00] Row 2: Unprotect attempted, ProtectionType now=-1 (Unknown)
[2026-02-16 17:01:36] Row 2: Set FieldITEquipment -> True via FindReplace (replacements=1)
[2026-02-16 17:02:07] Row 2: Set FieldTicketNumber -> True via FindReplace (replacements=1)
[2026-02-16 17:02:37] Row 2: Set FieldPINumber -> True via FindReplace (replacements=1)
[2026-02-16 17:03:01] Row 2: Set FieldDisplayName -> True via FindReplace (replacements=1)
[2026-02-16 17:03:01] Row 2: Saving
[2026-02-16 17:03:01] Row 2: Saved
[2026-02-16 17:03:02] Saved: C:\Users\X1\Documents\Schuman\WORD files\RITM0483422_Angoi Ludovic Nguessan NGORAN.docx
[2026-02-16 17:03:02] Row 3 start: RITM0483421_Angoi Ludovic Nguessan NGORAN.docx
[2026-02-16 17:03:02] Row 3 values: Name='Angoi Ludovic N'guessan N'GORAN' Ticket='RITM0483421' PI='MUSTBRUN2424012' Equipment='Laptop'
[2026-02-16 17:03:02] Row 3: Opening copied doc
[2026-02-16 17:03:02] Row 3: Doc opened
[2026-02-16 17:03:03] Row 3: Doc Text Placeholders (6): FieldDelegateCheckbox, FieldDisplayName, FieldITEquipment, FieldPINumber, FieldTicketNumber, FieldUniqueIdentifier
[2026-02-16 17:03:03] Row 3: ProtectionType=-1 (Unknown)
[2026-02-16 17:03:03] Row 3: Document protected, attempting unprotect
[2026-02-16 17:03:03] Row 3: Unprotect failed: The Unprotect method or property is not available because the document is already unprotected.
[2026-02-16 17:03:03] Row 3: Unprotect attempted, ProtectionType now=-1 (Unknown)
[2026-02-16 17:03:06] Row 3: Set FieldITEquipment -> True via FindReplace (replacements=1)
[2026-02-16 17:03:07] Row 3: Set FieldTicketNumber -> False via NotFound (replacements=0)
[2026-02-16 17:03:07] Row 3: Set FieldPINumber -> False via NotFound (replacements=0)
[2026-02-16 17:03:07] Row 3: Set FieldDisplayName -> False via NotFound (replacements=0)
[2026-02-16 17:03:07] Row 3: Saving
[2026-02-16 17:03:07] Row 3 ERROR: Call was rejected by callee. (Exception from HRESULT: 0x80010001 (RPC_E_CALL_REJECTED))
[2026-02-16 17:03:08] Excel saved
[2026-02-16 17:03:08] === RUN END === Total=20 Saved=1 Skipped=1 Errors=1
[2026-02-16 17:04:23] User clicked Start.
[2026-02-16 17:04:23] === RUN START ===
[2026-02-16 17:04:23] Opening Excel
[2026-02-16 17:04:33] Excel opened
[2026-02-16 17:04:37] Excel column status: Col=7 Created=False Score=2
[2026-02-16 17:04:37] Excel column docx:   Col=8 Created=False Score=2
[2026-02-16 17:04:37] Excel column pdf:    Col=9 Created=False Score=2
[2026-02-16 17:04:37] Rows detected: 20
[2026-02-16 17:04:37] Opening Word
[2026-02-16 17:04:54] Word opened
[2026-02-16 17:04:54] Template path: C:\Users\X1\Documents\Schuman\Reception_ITequipment.docx
[2026-02-16 17:04:58] Template inspection: opened
[2026-02-16 17:04:59] Template FormFields (1): Delegate
[2026-02-16 17:05:00] Template Text Placeholders (6): FieldDelegateCheckbox, FieldDisplayName, FieldITEquipment, FieldPINumber, FieldTicketNumber, FieldUniqueIdentifier
[2026-02-16 17:05:00] Row 2 start: RITM0483422_Angoi Ludovic Nguessan NGORAN.docx
[2026-02-16 17:05:00] Row 2 values: Name='Angoi Ludovic N'guessan N'GORAN' Ticket='RITM0483422' PI='MUSTBRUN2424012' Equipment='Laptop'
[2026-02-16 17:05:00] Row 2: Opening copied doc
[2026-02-16 17:05:03] Row 2: Doc opened
[2026-02-16 17:05:03] Row 2: Doc Text Placeholders (6): FieldDelegateCheckbox, FieldDisplayName, FieldITEquipment, FieldPINumber, FieldTicketNumber, FieldUniqueIdentifier
[2026-02-16 17:05:03] Row 2: ProtectionType=-1 (Unknown)
[2026-02-16 17:05:03] Row 2: Document protected, attempting unprotect
[2026-02-16 17:05:03] Row 2: Unprotect failed: The Unprotect method or property is not available because the document is already unprotected.
[2026-02-16 17:05:03] Row 2: Unprotect attempted, ProtectionType now=-1 (Unknown)
[2026-02-16 17:05:36] Row 2: Set FieldITEquipment -> True via FindReplace (replacements=1)
[2026-02-16 17:06:05] Row 2: Set FieldTicketNumber -> True via FindReplace (replacements=1)
[2026-02-16 17:06:31] Row 2: Set FieldPINumber -> True via FindReplace (replacements=1)
[2026-02-16 17:06:38] Row 2: Saved
[2026-02-16 17:06:40] Row 2: PDF saved -> C:\Users\X1\Documents\Schuman\WORD files\RITM0483422_Angoi Ludovic Nguessan NGORAN.pdf
[2026-02-16 17:06:40] Saved: C:\Users\X1\Documents\Schuman\WORD files\RITM0483422_Angoi Ludovic Nguessan NGORAN.docx
[2026-02-16 17:06:40] Row 3 start: RITM0483421_Angoi Ludovic Nguessan NGORAN.docx
[2026-02-16 17:06:40] Row 3 values: Name='Angoi Ludovic N'guessan N'GORAN' Ticket='RITM0483421' PI='MUSTBRUN2424012' Equipment='Laptop'
[2026-02-16 17:06:40] Row 3: Opening copied doc
[2026-02-16 17:06:41] Row 3: Doc opened
[2026-02-16 17:06:41] Row 3: Doc Text Placeholders (6): FieldDelegateCheckbox, FieldDisplayName, FieldITEquipment, FieldPINumber, FieldTicketNumber, FieldUniqueIdentifier
[2026-02-16 17:06:41] Row 3: ProtectionType=-1 (Unknown)
[2026-02-16 17:06:41] Row 3: Document protected, attempting unprotect
[2026-02-16 17:06:41] Row 3: Unprotect failed: The Unprotect method or property is not available because the document is already unprotected.
[2026-02-16 17:06:41] Row 3: Unprotect attempted, ProtectionType now=-1 (Unknown)
[2026-02-16 17:06:55] Row 3: Set FieldTicketNumber -> True via FindReplace (replacements=1)
[2026-02-16 17:07:12] Row 3: Set FieldDisplayName -> True via FindReplace (replacements=1)
[2026-02-16 17:07:12] Row 3: Saving
[2026-02-16 17:07:12] Row 3: Saved
[2026-02-16 17:07:13] Row 3: PDF saved -> C:\Users\X1\Documents\Schuman\WORD files\RITM0483421_Angoi Ludovic Nguessan NGORAN.pdf
[2026-02-16 17:07:13] Saved: C:\Users\X1\Documents\Schuman\WORD files\RITM0483421_Angoi Ludovic Nguessan NGORAN.docx
[2026-02-16 17:07:16] Excel saved
[2026-02-16 17:07:16] === RUN END === Total=20 Saved=2 Skipped=1 Errors=0
[2026-02-16 17:25:22] User clicked Start.
[2026-02-16 17:25:22] === RUN START ===
[2026-02-16 17:25:22] Opening Excel
[2026-02-16 17:25:34] Excel opened
[2026-02-16 17:25:34] Using sheet: BRU
[2026-02-16 17:25:37] Excel column status: Col=7 Created=False Score=2
[2026-02-16 17:25:37] Excel column docx:   Col=8 Created=False Score=2
[2026-02-16 17:25:37] Excel column pdf:    Col=9 Created=False Score=2
[2026-02-16 17:25:37] Rows detected: 20
[2026-02-16 17:25:37] Opening Word
[2026-02-16 17:25:53] Word opened
[2026-02-16 17:25:53] Template path: C:\Users\X1\Documents\Schuman\Reception_ITequipment.docx
[2026-02-16 17:25:55] Template inspection: opened
[2026-02-16 17:25:56] Template FormFields (1): Delegate
[2026-02-16 17:25:56] Template ContentControls (0): 
[2026-02-16 17:25:56] Template Bookmarks (1): Delegate
[2026-02-16 17:25:57] Row 2 start: RITM0483422_Angoi Ludovic Nguessan NGORAN.docx
[2026-02-16 17:25:57] Row 2 values: Name='Angoi Ludovic N'guessan N'GORAN' Ticket='RITM0483422' PI='MUSTBRUN2424012' Equipment='Laptop'
[2026-02-16 17:25:57] Row 2: Opening copied doc
[2026-02-16 17:25:58] Row 2: Doc opened
[2026-02-16 17:25:59] Row 2: Doc Text Placeholders (6): FieldDelegateCheckbox, FieldDisplayName, FieldITEquipment, FieldPINumber, FieldTicketNumber, FieldUniqueIdentifier
[2026-02-16 17:25:59] Row 2: ProtectionType=-1 (Unknown)
[2026-02-16 17:25:59] Row 2: Document protected, attempting unprotect
[2026-02-16 17:25:59] Row 2: Unprotect failed: The Unprotect method or property is not available because the document is already unprotected.
[2026-02-16 17:25:59] Row 2: Unprotect attempted, ProtectionType now=-1 (Unknown)
[2026-02-16 17:26:11] Row 2: Set FieldITEquipment -> True via FindReplace (replacements=1)
[2026-02-16 17:26:21] Row 2: Set FieldTicketNumber -> True via FindReplace (replacements=1)
[2026-02-16 17:26:30] Row 2: Set FieldPINumber -> True via FindReplace (replacements=1)
[2026-02-16 17:26:38] Row 2: Saved
[2026-02-16 17:26:43] Row 2: PDF saved -> C:\Users\X1\Documents\Schuman\WORD files\RITM0483422_Angoi Ludovic Nguessan NGORAN.pdf
[2026-02-16 17:26:43] Saved: C:\Users\X1\Documents\Schuman\WORD files\RITM0483422_Angoi Ludovic Nguessan NGORAN.docx
[2026-02-16 17:26:45] Row 3: Doc opened
[2026-02-16 17:26:45] Row 3: Doc Text Placeholders (6): FieldDelegateCheckbox, FieldDisplayName, FieldITEquipment, FieldPINumber, FieldTicketNumber, FieldUniqueIdentifier
[2026-02-16 17:26:46] Row 3: ProtectionType=-1 (Unknown)
[2026-02-16 17:26:46] Row 3: Document protected, attempting unprotect
[2026-02-16 17:26:46] Row 3: Unprotect failed: The Unprotect method or property is not available because the document is already unprotected.
[2026-02-16 17:26:46] Row 3: Unprotect attempted, ProtectionType now=-1 (Unknown)
[2026-02-16 17:26:50] Row 3: Set FieldITEquipment -> True via FindReplace (replacements=1)
[2026-02-16 17:26:52] Row 3: Set FieldTicketNumber -> True via FindReplace (replacements=1)
[2026-02-16 17:26:58] Row 3: Set FieldPINumber -> True via FindReplace (replacements=1)
[2026-02-16 17:27:04] Row 3: Set FieldDisplayName -> True via FindReplace (replacements=1)
[2026-02-16 17:27:04] Row 3: Saving
[2026-02-16 17:27:04] Row 3: Saved
[2026-02-16 17:27:09] Excel saved
[2026-02-16 17:27:09] === RUN END === Total=20 Saved=2 Skipped=1 Errors=0
[2026-02-16 17:46:20] User clicked Start.
[2026-02-16 17:46:20] === RUN START ===
[2026-02-16 17:46:20] Opening Excel
[2026-02-16 17:46:35] Excel opened
[2026-02-16 17:46:36] Using sheet: BRU
[2026-02-16 17:46:40] Excel column status: Col=7 Created=False Score=2
[2026-02-16 17:46:40] Excel column docx:   Col=8 Created=False Score=2
[2026-02-16 17:46:40] Excel column pdf:    Col=9 Created=False Score=2
[2026-02-16 17:46:40] Rows detected: 20
[2026-02-16 17:46:40] Opening Word
[2026-02-16 17:47:03] Word opened
[2026-02-16 17:47:03] Template path: C:\Users\X1\Documents\Schuman\Reception_ITequipment.docx
[2026-02-16 17:47:05] Template inspection: opened
[2026-02-16 17:47:07] Template FormFields (1): Delegate
[2026-02-16 17:47:07] Template ContentControls (0): 
[2026-02-16 17:47:07] Template Bookmarks (1): Delegate
[2026-02-16 17:47:08] Template Text Placeholders (6): FieldDelegateCheckbox, FieldDisplayName, FieldITEquipment, FieldPINumber, FieldTicketNumber, FieldUniqueIdentifier
[2026-02-16 17:47:09] Row 2 start: RITM0483422_Angoi Ludovic Nguessan NGORAN.docx
[2026-02-16 17:47:09] Row 2 values: Name='Angoi Ludovic N'guessan N'GORAN' Ticket='RITM0483422' PI='MUSTBRUN2424012' Equipment='Laptop'
[2026-02-16 17:47:09] Row 2: Opening copied doc
[2026-02-16 17:47:10] Row 2: Doc opened
[2026-02-16 17:47:12] Row 2: Doc Text Placeholders (6): FieldDelegateCheckbox, FieldDisplayName, FieldITEquipment, FieldPINumber, FieldTicketNumber, FieldUniqueIdentifier
[2026-02-16 17:47:12] Row 2: ProtectionType=-1 (Unknown)
[2026-02-16 17:47:12] Row 2: Document protected, attempting unprotect
[2026-02-16 17:47:12] Row 2: Unprotect failed: The Unprotect method or property is not available because the document is already unprotected.
[2026-02-16 17:47:24] Row 2: Set FieldITEquipment -> True via FindReplace (replacements=1)
[2026-02-16 17:47:34] Row 2: Set FieldTicketNumber -> True via FindReplace (replacements=1)
[2026-02-16 17:47:42] Row 2: Set FieldPINumber -> True via FindReplace (replacements=1)
[2026-02-16 17:47:53] Row 2: Set FieldDisplayName -> True via FindReplace (replacements=1)
[2026-02-16 17:47:53] Row 2: Saving
[2026-02-16 17:47:53] Row 2: Saved
[2026-02-16 17:48:04] Row 2: PDF saved -> C:\Users\X1\Documents\Schuman\WORD files\RITM0483422_Angoi Ludovic Nguessan NGORAN.pdf
[2026-02-16 17:48:05] Row 2: Done in 55313 ms
[2026-02-16 17:48:05] Saved: C:\Users\X1\Documents\Schuman\WORD files\RITM0483422_Angoi Ludovic Nguessan NGORAN.docx
[2026-02-16 17:48:05] Row 3 start: RITM0483421_Angoi Ludovic Nguessan NGORAN.docx
[2026-02-16 17:48:05] Row 3 values: Name='Angoi Ludovic N'guessan N'GORAN' Ticket='RITM0483421' PI='MUSTBRUN2424012' Equipment='Laptop'
[2026-02-16 17:48:05] Row 3: Opening copied doc
[2026-02-16 17:48:06] Row 3: Doc opened
[2026-02-16 17:48:07] Row 3: Doc Text Placeholders (6): FieldDelegateCheckbox, FieldDisplayName, FieldITEquipment, FieldPINumber, FieldTicketNumber, FieldUniqueIdentifier
[2026-02-16 17:48:07] Row 3: ProtectionType=-1 (Unknown)
[2026-02-16 17:48:07] Row 3: Document protected, attempting unprotect
[2026-02-16 17:48:07] Row 3: Unprotect failed: The Unprotect method or property is not available because the document is already unprotected.
[2026-02-16 17:48:07] Row 3: Unprotect attempted, ProtectionType now=-1 (Unknown)
[2026-02-16 17:48:16] Row 3: Set FieldITEquipment -> True via FindReplace (replacements=1)
[2026-02-16 17:48:25] Row 3: Set FieldTicketNumber -> True via FindReplace (replacements=1)
[2026-02-16 17:48:34] Row 3: Set FieldPINumber -> True via FindReplace (replacements=1)
[2026-02-16 17:48:42] Row 3: Set FieldDisplayName -> True via FindReplace (replacements=1)
[2026-02-16 17:48:42] Row 3: Saving
[2026-02-16 17:48:42] Row 3: Saved
[2026-02-16 17:48:42] Row 3: PDF saved -> C:\Users\X1\Documents\Schuman\WORD files\RITM0483421_Angoi Ludovic Nguessan NGORAN.pdf
[2026-02-16 17:48:43] Row 4 start: RITM0323421_Priyadharshini GOWRISANKAR.docx
[2026-02-16 17:48:43] Row 4 values: Name='Priyadharshini GOWRISANKAR' Ticket='RITM0323421' PI='itec45454545454545' Equipment='Laptop'
[2026-02-16 17:48:43] Row 4: Opening copied doc
[2026-02-16 17:48:45] Row 4: Doc opened
[2026-02-16 17:48:46] Row 4: Doc Text Placeholders (6): FieldDelegateCheckbox, FieldDisplayName, FieldITEquipment, FieldPINumber, FieldTicketNumber, FieldUniqueIdentifier
[2026-02-16 17:48:46] Row 4: ProtectionType=-1 (Unknown)
[2026-02-16 17:48:46] Row 4: Document protected, attempting unprotect
[2026-02-16 17:48:46] Row 4: Unprotect failed: The Unprotect method or property is not available because the document is already unprotected.
[2026-02-16 17:48:46] Row 4: Unprotect attempted, ProtectionType now=-1 (Unknown)
[2026-02-16 17:48:56] Row 4: Set FieldITEquipment -> True via FindReplace (replacements=1)
[2026-02-16 17:49:10] Row 4: Set FieldPINumber -> True via FindReplace (replacements=1)
[2026-02-16 17:49:18] Row 4: Done in 34831 ms
[2026-02-16 17:49:18] Saved: C:\Users\X1\Documents\Schuman\WORD files\RITM0323421_Priyadharshini GOWRISANKAR.docx
[2026-02-16 17:49:21] Excel saved
[2026-02-16 17:49:21] === RUN END === Total=20 Saved=3 Skipped=0 Errors=0
[2026-02-16 17:53:42] User clicked Start.
[2026-02-16 17:53:42] === RUN START ===
[2026-02-16 17:53:42] Opening Excel
[2026-02-16 17:53:54] Excel opened
[2026-02-16 17:53:54] Using sheet: BRU
[2026-02-16 17:53:58] Excel column status: Col=7 Created=False Score=2
[2026-02-16 17:53:58] Excel column docx:   Col=8 Created=False Score=2
[2026-02-16 17:53:58] Excel column pdf:    Col=9 Created=False Score=2
[2026-02-16 17:53:58] Rows detected: 20
[2026-02-16 17:53:58] Opening Word
[2026-02-16 17:54:16] Word opened
[2026-02-16 17:54:16] Row 2 start: RITM0483422_Angoi Ludovic Nguessan NGORAN.docx
[2026-02-16 17:54:16] Row 2 values: Name='Angoi Ludovic N'guessan N'GORAN' Ticket='RITM0483422' PI='MUSTBRUN2424012' Equipment='Laptop'
[2026-02-16 17:54:16] Row 2: Opening copied doc
[2026-02-16 17:54:18] Row 2: Doc opened
[2026-02-16 17:54:18] Row 2: ProtectionType=-1 (Unknown)
[2026-02-16 17:54:18] Row 2: Document protected, attempting unprotect
[2026-02-16 17:54:18] Row 2: Unprotect failed: The Unprotect method or property is not available because the document is already unprotected.
[2026-02-16 17:54:18] Row 2: Unprotect attempted, ProtectionType now=-1 (Unknown)
[2026-02-16 17:54:50] Row 2: Saving
[2026-02-16 17:54:51] Row 2: Saved
[2026-02-16 17:54:51] Saved: C:\Users\X1\Documents\Schuman\WORD files\RITM0483422_Angoi Ludovic Nguessan NGORAN.docx
[2026-02-16 17:54:51] Row 3 start: RITM0483421_Angoi Ludovic Nguessan NGORAN.docx
[2026-02-16 17:54:51] Row 3 values: Name='Angoi Ludovic N'guessan N'GORAN' Ticket='RITM0483421' PI='MUSTBRUN2424012' Equipment='Laptop'
[2026-02-16 17:54:51] Row 3: Opening copied doc
[2026-02-16 17:54:52] Row 3: Doc opened
[2026-02-16 17:54:52] Row 3: ProtectionType=-1 (Unknown)
[2026-02-16 17:54:52] Row 3: Document protected, attempting unprotect
[2026-02-16 17:54:52] Row 3: Unprotect failed: The Unprotect method or property is not available because the document is already unprotected.
[2026-02-16 17:54:53] Row 3: Unprotect attempted, ProtectionType now=-1 (Unknown)
[2026-02-16 17:55:21] Row 3: Saving
[2026-02-16 17:55:21] Row 3: Saved
[2026-02-16 17:55:22] Saved: C:\Users\X1\Documents\Schuman\WORD files\RITM0483421_Angoi Ludovic Nguessan NGORAN.docx
[2026-02-16 17:55:23] Row 4: Doc opened
[2026-02-16 17:55:24] Row 4: ProtectionType=-1 (Unknown)
[2026-02-16 17:55:24] Row 4: Document protected, attempting unprotect
[2026-02-16 17:55:24] Row 4: Unprotect failed: The Unprotect method or property is not available because the document is already unprotected.
[2026-02-16 17:55:24] Row 4: Unprotect attempted, ProtectionType now=-1 (Unknown)
[2026-02-16 17:55:50] Row 4: Saving
[2026-02-16 17:55:50] Row 4: Saved
[2026-02-16 17:55:51] Saved: C:\Users\X1\Documents\Schuman\WORD files\RITM0323421_Priyadharshini GOWRISANKAR.docx
[2026-02-16 17:55:54] Excel saved
[2026-02-16 17:55:54] === RUN END === Total=20 Saved=3 Skipped=0 Errors=0
[2026-02-16 18:05:53] User clicked Start.
[2026-02-16 18:05:53] === RUN START ===
[2026-02-16 18:05:53] Opening Excel
[2026-02-16 18:06:05] Excel opened
[2026-02-16 18:06:06] Using sheet: BRU
[2026-02-16 18:06:10] Excel column status: Col=7 Created=False Score=2
[2026-02-16 18:06:10] Excel column docx:   Col=8 Created=False Score=2
[2026-02-16 18:06:10] Excel column pdf:    Col=9 Created=False Score=2
[2026-02-16 18:06:10] Rows detected: 20
[2026-02-16 18:06:10] Opening Word
[2026-02-16 18:06:31] Word opened
[2026-02-16 18:06:34] Row 2: ProtectionType=-1 (Unknown)
[2026-02-16 18:06:34] Row 2: Document protected, attempting unprotect
[2026-02-16 18:06:34] Row 2: Unprotect failed: The Unprotect method or property is not available because the document is already unprotected.
[2026-02-16 18:06:34] Row 2: Unprotect attempted, ProtectionType now=-1 (Unknown)
[2026-02-16 18:07:04] Saved: C:\Users\X1\Documents\Schuman\WORD files\RITM0483422_Angoi Ludovic Nguessan NGORAN.docx
[2026-02-16 18:07:05] Row 3 start: RITM0483421_Angoi Ludovic Nguessan NGORAN.docx
[2026-02-16 18:07:06] Row 3: ProtectionType=-1 (Unknown)
[2026-02-16 18:07:06] Row 3: Document protected, attempting unprotect
[2026-02-16 18:07:06] Row 3: Unprotect failed: The Unprotect method or property is not available because the document is already unprotected.
[2026-02-16 18:07:06] Row 3: Unprotect attempted, ProtectionType now=-1 (Unknown)
[2026-02-16 18:07:32] Saved: C:\Users\X1\Documents\Schuman\WORD files\RITM0483421_Angoi Ludovic Nguessan NGORAN.docx
[2026-02-16 18:07:32] Row 4 start: RITM0323421_Priyadharshini GOWRISANKAR.docx
[2026-02-16 18:07:34] Row 4: ProtectionType=-1 (Unknown)
[2026-02-16 18:07:34] Row 4: Document protected, attempting unprotect
[2026-02-16 18:07:34] Row 4: Unprotect failed: The Unprotect method or property is not available because the document is already unprotected.
[2026-02-16 18:07:34] Row 4: Unprotect attempted, ProtectionType now=-1 (Unknown)
[2026-02-16 18:07:44] Saved: C:\Users\X1\Documents\Schuman\WORD files\RITM0323421_Priyadharshini GOWRISANKAR.docx
[2026-02-16 18:07:45] Excel saved
[2026-02-16 18:07:45] === RUN END === Total=20 Saved=3 Skipped=0 Errors=0
[2026-02-16 18:27:11] User clicked Start.
[2026-02-16 18:27:12] === RUN START ===
[2026-02-16 18:27:12] Opening Excel
[2026-02-16 18:27:13] Excel opened
[2026-02-16 18:27:13] Using sheet: BRU
[2026-02-16 18:27:14] Excel column status: Col=7 Created=False Score=2
[2026-02-16 18:27:14] Excel column docx:   Col=8 Created=False Score=2
[2026-02-16 18:27:14] Excel column pdf:    Col=9 Created=False Score=2
[2026-02-16 18:27:14] Rows detected: 20
[2026-02-16 18:27:14] Opening Word
[2026-02-16 18:27:18] Word opened
[2026-02-16 18:27:18] Template path: C:\Users\X1\Documents\Schuman\Reception_ITequipment.docx
[2026-02-16 18:27:18] Template inspection: opened
[2026-02-16 18:27:19] Template FormFields (1): Delegate
[2026-02-16 18:27:19] Template ContentControls (0): 
[2026-02-16 18:27:19] Template Bookmarks (1): Delegate
[2026-02-16 18:27:20] Template Text Placeholders (6): FieldDelegateCheckbox, FieldDisplayName, FieldITEquipment, FieldPINumber, FieldTicketNumber, FieldUniqueIdentifier
[2026-02-16 18:27:20] Row 2 start: RITM0483422_Angoi Ludovic Nguessan NGORAN.docx
[2026-02-16 18:27:20] Row 2 values: Name='Angoi Ludovic N'guessan N'GORAN' Ticket='RITM0483422' PI='MUSTBRUN2424012' Equipment='Laptop'
[2026-02-16 18:27:20] Row 2: Opening copied doc
[2026-02-16 18:27:20] Row 2: Doc opened
[2026-02-16 18:27:20] Row 2: Doc Text Placeholders (6): FieldDelegateCheckbox, FieldDisplayName, FieldITEquipment, FieldPINumber, FieldTicketNumber, FieldUniqueIdentifier
[2026-02-16 18:27:20] Row 2: ProtectionType=-1 (Unknown)
[2026-02-16 18:27:20] Row 2: Document protected, attempting unprotect
[2026-02-16 18:27:20] Row 2: Unprotect failed: The Unprotect method or property is not available because the document is already unprotected.
[2026-02-16 18:27:20] Row 2: Unprotect attempted, ProtectionType now=-1 (Unknown)
[2026-02-16 18:27:21] Row 2: Set FieldITEquipment -> True via FindReplace (replacements=1)
[2026-02-16 18:27:21] Row 2: Set FieldTicketNumber -> True via FindReplace (replacements=1)
[2026-02-16 18:27:22] Row 2: Set FieldPINumber -> True via FindReplace (replacements=1)
[2026-02-16 18:27:22] Row 2: Set FieldDisplayName -> True via FindReplace (replacements=1)
[2026-02-16 18:27:22] Row 2: Saving
[2026-02-16 18:27:22] Row 2: Saved
[2026-02-16 18:27:23] Row 2: PDF saved -> C:\Users\X1\Documents\Schuman\WORD files\RITM0483422_Angoi Ludovic Nguessan NGORAN.pdf
[2026-02-16 18:27:23] Row 2: Done in 3333 ms
[2026-02-16 18:27:23] Saved: C:\Users\X1\Documents\Schuman\WORD files\RITM0483422_Angoi Ludovic Nguessan NGORAN.docx
[2026-02-16 18:27:23] Row 3 start: RITM0483421_Angoi Ludovic Nguessan NGORAN.docx
[2026-02-16 18:27:23] Row 3 values: Name='Angoi Ludovic N'guessan N'GORAN' Ticket='RITM0483421' PI='MUSTBRUN2424012' Equipment='Laptop'
[2026-02-16 18:27:23] Row 3: Opening copied doc
[2026-02-16 18:27:23] Row 3: Doc Text Placeholders (6): FieldDelegateCheckbox, FieldDisplayName, FieldITEquipment, FieldPINumber, FieldTicketNumber, FieldUniqueIdentifier
[2026-02-16 18:27:23] Row 3: ProtectionType=-1 (Unknown)
[2026-02-16 18:27:23] Row 3: Document protected, attempting unprotect
[2026-02-16 18:27:23] Row 3: Unprotect failed: The Unprotect method or property is not available because the document is already unprotected.
[2026-02-16 18:27:24] Row 3: Set FieldPINumber -> True via FindReplace (replacements=1)
[2026-02-16 18:27:25] Row 3: Set FieldDisplayName -> True via FindReplace (replacements=1)
[2026-02-16 18:27:25] Row 3: Saving
[2026-02-16 18:27:25] Row 3: Saved
[2026-02-16 18:27:25] Row 3: PDF saved -> C:\Users\X1\Documents\Schuman\WORD files\RITM0483421_Angoi Ludovic Nguessan NGORAN.pdf
[2026-02-16 18:27:25] Row 3: Done in 1751 ms
[2026-02-16 18:27:25] Saved: C:\Users\X1\Documents\Schuman\WORD files\RITM0483421_Angoi Ludovic Nguessan NGORAN.docx
[2026-02-16 18:27:25] Row 4 start: RITM0323421_Priyadharshini GOWRISANKAR.docx
[2026-02-16 18:27:25] Row 4 values: Name='Priyadharshini GOWRISANKAR' Ticket='RITM0323421' PI='itec45454545454545' Equipment='Laptop'
[2026-02-16 18:27:25] Row 4: Opening copied doc
[2026-02-16 18:27:25] Row 4: Doc opened
[2026-02-16 18:27:25] Row 4: Doc Text Placeholders (6): FieldDelegateCheckbox, FieldDisplayName, FieldITEquipment, FieldPINumber, FieldTicketNumber, FieldUniqueIdentifier
[2026-02-16 18:27:25] Row 4: ProtectionType=-1 (Unknown)
[2026-02-16 18:27:25] Row 4: Document protected, attempting unprotect
[2026-02-16 18:27:25] Row 4: Unprotect attempted, ProtectionType now=-1 (Unknown)
[2026-02-16 18:27:26] Row 4: Set FieldITEquipment -> True via FindReplace (replacements=1)
[2026-02-16 18:27:26] Row 4: Set FieldTicketNumber -> True via FindReplace (replacements=1)
[2026-02-16 18:27:26] Row 4: Set FieldPINumber -> True via FindReplace (replacements=1)
[2026-02-16 18:27:27] Row 4: Set FieldDisplayName -> True via FindReplace (replacements=1)
[2026-02-16 18:27:27] Row 4: Saving
[2026-02-16 18:27:27] Row 4: Saved
[2026-02-16 18:27:27] Row 4: PDF saved -> C:\Users\X1\Documents\Schuman\WORD files\RITM0323421_Priyadharshini GOWRISANKAR.pdf
[2026-02-16 18:27:27] Row 4: Done in 1933 ms
[2026-02-16 18:27:27] Saved: C:\Users\X1\Documents\Schuman\WORD files\RITM0323421_Priyadharshini GOWRISANKAR.docx
[2026-02-16 18:27:27] Excel saved
[2026-02-16 18:27:27] === RUN END === Total=20 Saved=3 Skipped=0 Errors=0
