2026-02-18 16:34:44 [ERROR] Argument types do not match
2026-02-18 16:36:14 [ERROR] Argument types do not match
2026-02-18 16:38:55 [INFO] Dashboard search query='' => 79 row(s)
2026-02-18 16:39:06 [INFO] Generating documents from 'C:\Users\X1\Documents\Schuman\Reception_ITequipment.docx'
2026-02-18 16:49:54 [INFO] Dashboard search query='' => 79 row(s)
2026-02-18 16:52:19 [INFO] Dashboard search query='' => 79 row(s)
2026-02-18 16:54:08 [INFO] Reading tickets from Excel: C:\Users\X1\Documents\Schuman\Schuman List.xlsx
2026-02-18 16:54:10 [INFO] Tickets queued: total=72, filtered=22, scope=RitmOnly
2026-02-18 16:54:11 [INFO] ServiceNow SSO confirmed.
2026-02-18 16:54:11 [INFO] [1/22] Extracting RITM0496748
2026-02-18 16:54:14 [ERROR] The property 'Count' cannot be found on this object. Verify that the property exists.
2026-02-18 17:01:00 [INFO] Reading tickets from Excel: C:\Users\X1\Documents\Schuman\Schuman List.xlsx
2026-02-18 17:01:01 [INFO] Tickets queued: total=72, filtered=22, scope=RitmOnly
2026-02-18 17:01:02 [INFO] ServiceNow SSO confirmed.
2026-02-18 17:01:02 [INFO] [1/22] Extracting RITM0496748
2026-02-18 17:01:04 [ERROR] The property 'Count' cannot be found on this object. Verify that the property exists.
2026-02-18 17:03:28 [INFO] Reading tickets from Excel: C:\Users\X1\Documents\Schuman\Schuman List.xlsx
2026-02-18 17:03:29 [INFO] Tickets queued: total=72, filtered=22, scope=RitmOnly
2026-02-18 17:03:29 [ERROR] Cannot change thread mode after it is set. (Exception from HRESULT: 0x80010106 (RPC_E_CHANGED_MODE))
2026-02-18 17:04:03 [INFO] Reading tickets from Excel: C:\Users\X1\Documents\Schuman\Schuman List.xlsx
2026-02-18 17:04:04 [INFO] Tickets queued: total=72, filtered=22, scope=RitmOnly
2026-02-18 17:04:04 [ERROR] Cannot change thread mode after it is set. (Exception from HRESULT: 0x80010106 (RPC_E_CHANGED_MODE))
2026-02-18 17:04:07 [INFO] Reading tickets from Excel: C:\Users\X1\Documents\Schuman\Schuman List.xlsx
2026-02-18 17:04:08 [INFO] Tickets queued: total=72, filtered=22, scope=RitmOnly
2026-02-18 17:04:08 [ERROR] Cannot change thread mode after it is set. (Exception from HRESULT: 0x80010106 (RPC_E_CHANGED_MODE))
2026-02-18 17:05:01 [INFO] Reading tickets from Excel: C:\Users\X1\Documents\Schuman\Schuman List.xlsx
2026-02-18 17:05:02 [INFO] Tickets queued: total=72, filtered=22, scope=RitmOnly
2026-02-18 17:05:03 [INFO] ServiceNow SSO confirmed.
2026-02-18 17:05:03 [INFO] [1/22] Extracting RITM0496748
2026-02-18 17:05:05 [ERROR] The property 'Count' cannot be found on this object. Verify that the property exists.
2026-02-18 17:05:32 [INFO] Reading tickets from Excel: C:\Users\X1\Documents\Schuman\Schuman List.xlsx
2026-02-18 17:05:34 [INFO] Tickets queued: total=72, filtered=22, scope=Auto
2026-02-18 17:05:35 [INFO] ServiceNow SSO confirmed.
2026-02-18 17:05:35 [INFO] [1/22] Extracting RITM0496748
2026-02-18 17:05:37 [ERROR] The property 'Count' cannot be found on this object. Verify that the property exists.
